2025-12-09 21:41:16,860 [INFO] MainWindow: Render preview requested: fmt=png opts={'dpi': 150, 'scale': 1}
2025-12-09 21:41:16,891 [INFO] PlantUMLService: Starting JVM with jar: H:\pythonProjects\PlanUmlUtil\jar\plantuml.jar
2025-12-09 21:41:17,155 [INFO] PlantUMLService: Rendering UML: fmt=png dpi=150 scale=1
2025-12-09 21:41:41,425 [INFO] MainWindow: Render preview requested: fmt=png opts={'dpi': 150, 'scale': 1}
2025-12-09 21:41:41,429 [INFO] PlantUMLService: Rendering UML: fmt=png dpi=150 scale=1
2025-12-09 21:42:02,039 [INFO] MainWindow: Save output requested: fmt=png opts={'dpi': 150, 'scale': 1}
2025-12-09 21:42:02,041 [INFO] PlantUMLService: Rendering UML: fmt=png dpi=150 scale=1
2025-12-09 21:43:27,843 [INFO] MainWindow: Render preview requested: fmt=png opts={'dpi': 150, 'scale': 1}
2025-12-09 21:43:27,859 [INFO] PlantUMLService: Starting JVM with jar: H:\pythonProjects\PlanUmlUtil\jar\plantuml.jar
2025-12-09 21:43:28,054 [INFO] PlantUMLService: Rendering UML: fmt=png dpi=150 scale=1
2025-12-09 21:43:39,298 [INFO] MainWindow: Render preview requested: fmt=png opts={'dpi': 150, 'scale': 1}
2025-12-09 21:43:39,301 [INFO] PlantUMLService: Rendering UML: fmt=png dpi=150 scale=1
2025-12-09 21:43:50,596 [INFO] MainWindow: Render preview requested: fmt=png opts={'dpi': 150, 'scale': 1}
2025-12-09 21:43:50,598 [INFO] PlantUMLService: Rendering UML: fmt=png dpi=150 scale=1
2025-12-09 21:44:00,985 [INFO] MainWindow: Render preview requested: fmt=png opts={'dpi': 150, 'scale': 1}
2025-12-09 21:44:00,987 [INFO] PlantUMLService: Rendering UML: fmt=png dpi=150 scale=1
2025-12-09 21:44:12,187 [INFO] MainWindow: Render preview requested: fmt=png opts={'dpi': 150, 'scale': 1}
2025-12-09 21:44:12,198 [INFO] PlantUMLService: Starting JVM with jar: H:\pythonProjects\PlanUmlUtil\jar\plantuml.jar
2025-12-09 21:44:12,386 [INFO] PlantUMLService: Rendering UML: fmt=png dpi=150 scale=1
2025-12-09 21:47:02,557 [INFO] root: Applied qdarktheme using load_stylesheet (legacy)
2025-12-09 21:51:54,403 [INFO] MainWindow: Loaded style from H:\pythonProjects\PlanUmlUtil\ui\style.qss
2025-12-09 21:57:22,898 [INFO] MainWindow: Loaded style from H:\pythonProjects\PlanUmlUtil\ui\style.qss
2025-12-09 21:58:17,915 [INFO] MainWindow: Loaded style from H:\pythonProjects\PlanUmlUtil\ui\style.qss
2025-12-09 21:58:18,474 [INFO] PlantUMLService: Starting JVM with jar: H:\pythonProjects\PlanUmlUtil\jar\plantuml.jar
2025-12-09 21:58:18,925 [INFO] MainWindow: Render preview requested: fmt=png opts={'dpi': 150, 'scale': 1}
2025-12-09 21:58:23,480 [INFO] MainWindow: Loaded style from H:\pythonProjects\PlanUmlUtil\ui\style.qss
2025-12-09 21:58:23,995 [INFO] PlantUMLService: Starting JVM with jar: H:\pythonProjects\PlanUmlUtil\jar\plantuml.jar
2025-12-09 21:58:24,447 [INFO] MainWindow: Render preview requested: fmt=png opts={'dpi': 150, 'scale': 1}
2025-12-09 21:59:31,545 [INFO] MainWindow: Loaded style from H:\pythonProjects\PlanUmlUtil\ui\style.qss
2025-12-09 21:59:32,117 [INFO] PlantUMLService: Starting JVM with jar: H:\pythonProjects\PlanUmlUtil\jar\plantuml.jar
2025-12-09 21:59:32,568 [INFO] MainWindow: Render preview requested: fmt=png opts={'dpi': 150, 'scale': 1}
2025-12-09 21:59:32,582 [INFO] PlantUMLService: Rendering UML: fmt=png dpi=150 scale=1
2025-12-09 21:59:32,859 [INFO] MainWindow: Render preview requested: fmt=png opts={'dpi': 150, 'scale': 1}
2025-12-09 21:59:37,422 [INFO] MainWindow: Render preview requested: fmt=png opts={'dpi': 150, 'scale': 1}
2025-12-09 21:59:37,427 [INFO] PlantUMLService: Rendering UML: fmt=png dpi=150 scale=1
2025-12-09 22:00:59,052 [INFO] MainWindow: Loaded style from H:\pythonProjects\PlanUmlUtil\ui\style.qss
2025-12-09 22:00:59,772 [INFO] PlantUMLService: Starting JVM with jar: H:\pythonProjects\PlanUmlUtil\jar\plantuml.jar
2025-12-09 22:01:00,236 [INFO] MainWindow: Render preview requested: fmt=png opts={'dpi': 150, 'scale': 1}
2025-12-09 22:01:00,246 [INFO] PlantUMLService: Rendering UML: fmt=png dpi=150 scale=1
2025-12-09 22:01:00,533 [INFO] MainWindow: Render preview requested: fmt=png opts={'dpi': 150, 'scale': 1}
2025-12-09 22:01:10,142 [INFO] MainWindow: Render preview requested: fmt=png opts={'dpi': 150, 'scale': 1}
2025-12-09 22:01:10,146 [INFO] PlantUMLService: Rendering UML: fmt=png dpi=150 scale=1
2025-12-09 22:03:47,263 [INFO] MainWindow: Loaded style from H:\pythonProjects\PlanUmlUtil\ui\style.qss
2025-12-09 22:03:47,804 [INFO] PlantUMLService: Starting JVM with jar: H:\pythonProjects\PlanUmlUtil\jar\plantuml.jar
2025-12-09 22:03:48,257 [INFO] MainWindow: Render preview requested: fmt=png opts={'dpi': 150, 'scale': 1}
2025-12-09 22:03:48,269 [INFO] PlantUMLService: Rendering UML: fmt=png dpi=150 scale=1
2025-12-09 22:03:48,548 [INFO] MainWindow: Render preview requested: fmt=png opts={'dpi': 150, 'scale': 1}
2025-12-09 22:03:53,892 [INFO] MainWindow: Render preview requested: fmt=png opts={'dpi': 150, 'scale': 1}
2025-12-09 22:03:53,898 [INFO] PlantUMLService: Rendering UML: fmt=png dpi=150 scale=1
2025-12-09 22:04:11,883 [INFO] MainWindow: Loaded style from H:\pythonProjects\PlanUmlUtil\ui\style.qss
2025-12-09 22:04:12,396 [INFO] PlantUMLService: Starting JVM with jar: H:\pythonProjects\PlanUmlUtil\jar\plantuml.jar
2025-12-09 22:04:12,838 [INFO] MainWindow: Render preview requested: fmt=png opts={'dpi': 150, 'scale': 1}
2025-12-09 22:04:12,849 [INFO] PlantUMLService: Rendering UML: fmt=png dpi=150 scale=1
2025-12-09 22:04:13,125 [INFO] MainWindow: Render preview requested: fmt=png opts={'dpi': 150, 'scale': 1}
2025-12-09 22:04:20,141 [INFO] MainWindow: Render preview requested: fmt=png opts={'dpi': 150, 'scale': 1}
2025-12-09 22:04:20,145 [INFO] PlantUMLService: Rendering UML: fmt=png dpi=150 scale=1
2025-12-09 22:04:27,084 [INFO] MainWindow: Loaded style from H:\pythonProjects\PlanUmlUtil\ui\style.qss
2025-12-09 22:04:27,601 [INFO] PlantUMLService: Starting JVM with jar: H:\pythonProjects\PlanUmlUtil\jar\plantuml.jar
2025-12-09 22:04:28,039 [INFO] MainWindow: Render preview requested: fmt=png opts={'dpi': 150, 'scale': 1}
2025-12-09 22:04:28,050 [INFO] PlantUMLService: Rendering UML: fmt=png dpi=150 scale=1
2025-12-09 22:04:28,330 [INFO] MainWindow: Render preview requested: fmt=png opts={'dpi': 150, 'scale': 1}
2025-12-09 22:04:29,515 [INFO] MainWindow: Render preview requested: fmt=png opts={'dpi': 150, 'scale': 1}
2025-12-09 22:04:29,519 [INFO] PlantUMLService: Rendering UML: fmt=png dpi=150 scale=1
2025-12-09 22:08:21,436 [INFO] MainWindow: Loaded style from H:\pythonProjects\PlanUmlUtil\ui\style.qss
2025-12-09 22:08:21,963 [INFO] PlantUMLService: Starting JVM with jar: H:\pythonProjects\PlanUmlUtil\jar\plantuml.jar
2025-12-09 22:08:22,402 [INFO] MainWindow: Render preview requested: fmt=png opts={'dpi': 150, 'scale': 1}
2025-12-09 22:08:22,689 [INFO] MainWindow: Render preview requested: fmt=png opts={'dpi': 150, 'scale': 1}
2025-12-09 22:08:26,531 [INFO] MainWindow: Render preview requested: fmt=png opts={'dpi': 150, 'scale': 1}
2025-12-09 22:08:34,824 [INFO] MainWindow: Loaded style from H:\pythonProjects\PlanUmlUtil\ui\style.qss
2025-12-09 22:08:35,330 [INFO] PlantUMLService: Starting JVM with jar: H:\pythonProjects\PlanUmlUtil\jar\plantuml.jar
2025-12-09 22:08:35,767 [INFO] MainWindow: Render preview requested: fmt=png opts={'dpi': 150, 'scale': 1}
2025-12-09 22:08:36,066 [INFO] MainWindow: Render preview requested: fmt=png opts={'dpi': 150, 'scale': 1}
2025-12-09 22:11:25,162 [INFO] MainWindow: Loaded style from H:\pythonProjects\PlanUmlUtil\ui\style.qss
2025-12-09 22:11:25,778 [INFO] MainWindow: Loaded style from H:\pythonProjects\PlanUmlUtil\ui\style.qss
2025-12-09 22:11:26,467 [INFO] PlantUMLService: Starting JVM with jar: H:\pythonProjects\PlanUmlUtil\jar\plantuml.jar
2025-12-09 22:11:27,018 [INFO] MainWindow: Render preview requested: fmt=png opts={'dpi': 150, 'scale': 1}
2025-12-09 22:11:27,313 [INFO] MainWindow: Render preview requested: fmt=png opts={'dpi': 150, 'scale': 1}
2025-12-09 22:11:47,484 [INFO] MainWindow: Render preview requested: fmt=png opts={'dpi': 150, 'scale': 1}
2025-12-09 22:11:59,916 [INFO] MainWindow: Loaded style from H:\pythonProjects\PlanUmlUtil\ui\style.qss
2025-12-09 22:12:00,554 [INFO] PlantUMLService: Starting JVM with jar: H:\pythonProjects\PlanUmlUtil\jar\plantuml.jar
2025-12-09 22:12:01,036 [INFO] MainWindow: Render preview requested: fmt=png opts={'dpi': 150, 'scale': 1}
2025-12-09 22:12:01,331 [INFO] MainWindow: Render preview requested: fmt=png opts={'dpi': 150, 'scale': 1}
2025-12-09 22:12:02,093 [INFO] MainWindow: Render preview requested: fmt=png opts={'dpi': 150, 'scale': 1}
2025-12-09 22:12:04,765 [INFO] MainWindow: Render preview requested: fmt=png opts={'dpi': 150, 'scale': 1}
2025-12-09 22:14:50,456 [INFO] MainWindow: Loaded style from H:\pythonProjects\PlanUmlUtil\ui\style.qss
2025-12-09 22:14:51,039 [INFO] PlantUMLService: Starting JVM with jar: H:\pythonProjects\PlanUmlUtil\jar\plantuml.jar
2025-12-09 22:14:51,495 [INFO] MainWindow: Render preview requested: fmt=png opts={'dpi': 150, 'scale': 1}
2025-12-09 22:14:51,789 [INFO] MainWindow: Render preview requested: fmt=png opts={'dpi': 150, 'scale': 1}
2025-12-09 22:14:59,252 [INFO] MainWindow: Render preview requested: fmt=png opts={'dpi': 150, 'scale': 1}
2025-12-09 22:18:37,276 [INFO] MainWindow: Loaded style from H:\pythonProjects\PlanUmlUtil\ui\style.qss
2025-12-09 22:18:37,986 [INFO] PlantUMLService: Starting JVM with jar: H:\pythonProjects\PlanUmlUtil\jar\plantuml.jar
2025-12-09 22:18:38,493 [INFO] MainWindow: Render preview requested: fmt=png opts={'dpi': 150, 'scale': 1}
2025-12-09 22:18:38,783 [INFO] MainWindow: Render preview requested: fmt=png opts={'dpi': 150, 'scale': 1}
2025-12-09 22:20:11,283 [INFO] MainWindow: Loaded style from H:\pythonProjects\PlanUmlUtil\ui\style.qss
2025-12-09 22:20:11,849 [INFO] PlantUMLService: Starting JVM with jar: H:\pythonProjects\PlanUmlUtil\jar\plantuml.jar
2025-12-09 22:20:12,314 [INFO] MainWindow: Render preview requested: fmt=png opts={'dpi': 150, 'scale': 1}
2025-12-09 22:20:12,610 [INFO] MainWindow: Render preview requested: fmt=png opts={'dpi': 150, 'scale': 1}
2025-12-09 22:20:40,069 [INFO] MainWindow: Loaded style from H:\pythonProjects\PlanUmlUtil\ui\style.qss
2025-12-09 22:20:40,643 [INFO] PlantUMLService: Starting JVM with jar: H:\pythonProjects\PlanUmlUtil\jar\plantuml.jar
2025-12-09 22:20:41,121 [INFO] MainWindow: Render preview requested: fmt=png opts={'dpi': 150, 'scale': 1}
2025-12-09 22:20:41,422 [INFO] MainWindow: Render preview requested: fmt=png opts={'dpi': 150, 'scale': 1}
2025-12-09 22:20:43,298 [INFO] MainWindow: Render preview requested: fmt=png opts={'dpi': 150, 'scale': 1}
2025-12-09 22:23:58,295 [INFO] MainWindow: Loaded style from H:\pythonProjects\PlanUmlUtil\ui\style.qss
2025-12-09 22:23:58,882 [INFO] PlantUMLService: Starting JVM with jar: H:\pythonProjects\PlanUmlUtil\jar\plantuml.jar
2025-12-09 22:23:59,359 [INFO] MainWindow: Render preview requested: fmt=png opts={'dpi': 150, 'scale': 1}
2025-12-09 22:23:59,656 [INFO] MainWindow: Render preview requested: fmt=png opts={'dpi': 150, 'scale': 1}
2025-12-09 22:31:04,499 [INFO] MainWindow: Loaded style from H:\pythonProjects\PlantUmlUtil\ui\style.qss
2025-12-09 22:31:04,963 [INFO] PlantUMLService: Starting JVM with jar: H:\pythonProjects\PlantUmlUtil\jar\plantuml.jar
2025-12-09 22:31:05,555 [INFO] MainWindow: Render preview requested: fmt=png opts={'dpi': 150, 'scale': 1}
2025-12-09 22:31:05,845 [INFO] MainWindow: Render preview requested: fmt=png opts={'dpi': 150, 'scale': 1}
2025-12-09 22:33:44,656 [INFO] MainWindow: Loaded style from H:\pythonProjects\PlantUmlUtil\ui\style.qss
2025-12-09 22:33:45,333 [INFO] PlantUMLService: Starting JVM with jar: H:\pythonProjects\PlantUmlUtil\jar\plantuml.jar
2025-12-09 22:33:45,973 [INFO] MainWindow: Render preview requested: fmt=png opts={'dpi': 150, 'scale': 1}
2025-12-09 22:33:46,267 [INFO] MainWindow: Render preview requested: fmt=png opts={'dpi': 150, 'scale': 1}
